<?xml version="1.0" encoding="UTF-8"?>
<!-- Generated by org.testng.reporters.JUnitXMLReporter -->
<testsuite ignored="6" hostname="DESKTOP-141UIPT" failures="0" tests="0" name="Test" time="33.368" errors="0" timestamp="2022-10-31T11:05:09 IST">
  <testcase classname="com.crn.GenericLibrary.BaseClass" name="@AfterSuite closedb" time="0.0">
    <ignored/>
  </testcase> <!-- @AfterSuite closedb -->
  <testcase classname="com.crn.GenericLibrary.BaseClass" name="@AfterSuite closedb" time="0.0">
    <ignored/>
  </testcase> <!-- @AfterSuite closedb -->
  <testcase classname="com.crn.GenericLibrary.BaseClass" name="@AfterSuite closedb" time="0.0">
    <ignored/>
  </testcase> <!-- @AfterSuite closedb -->
  <testcase classname="com.crn.GenericLibrary.BaseClass" name="@BeforeSuite connectToDataBase" time="0.0">
    <ignored/>
  </testcase> <!-- @BeforeSuite connectToDataBase -->
  <testcase classname="com.crn.GenericLibrary.BaseClass" name="@BeforeSuite connectToDataBase" time="0.0">
    <ignored/>
  </testcase> <!-- @BeforeSuite connectToDataBase -->
  <testcase classname="com.crn.GenericLibrary.BaseClass" name="@BeforeSuite connectToDataBase" time="0.0">
    <ignored/>
  </testcase> <!-- @BeforeSuite connectToDataBase -->
</testsuite> <!-- Test -->
