<?xml version="1.0" encoding="UTF-8"?>
<!-- Generated by org.testng.reporters.JUnitXMLReporter -->
<testsuite ignored="0" hostname="DESKTOP-141UIPT" failures="1" tests="1" name="Test1" time="26.044" errors="0" timestamp="2022-03-03T22:48:26 IST">
  <testcase classname="TestNGUsingAnnotations.CreateContact" name="contactsLinksTest" time="12.943">
    <failure type="java.lang.AssertionError" message="null">
      <![CDATA[java.lang.AssertionError: null
at TestNGUsingAnnotations.CreateContact.contactsLinksTest(CreateContact.java:32)
at java.base/java.util.ArrayList.forEach(ArrayList.java:1511)
at java.base/java.util.concurrent.FutureTask.run(FutureTask.java:264)
at java.base/java.util.concurrent.ThreadPoolExecutor.runWorker(ThreadPoolExecutor.java:1136)
at java.base/java.util.concurrent.ThreadPoolExecutor$Worker.run(ThreadPoolExecutor.java:635)
at java.base/java.lang.Thread.run(Thread.java:833)
... Removed 20 stack frames]]>
    </failure>
  </testcase> <!-- contactsLinksTest -->
</testsuite> <!-- Test1 -->
