<?xml version="1.0" encoding="UTF-8"?>
<testng-results ignored="0" total="1" passed="1" failed="0" skipped="0">
  <reporter-output>
  </reporter-output>
  <suite started-at="2022-03-21T11:39:38 IST" name="Default suite" finished-at="2022-03-21T11:39:50 IST" duration-ms="11628">
    <groups>
    </groups>
    <test started-at="2022-03-21T11:39:38 IST" name="Default test" finished-at="2022-03-21T11:39:50 IST" duration-ms="11628">
      <class name="CalenderPopUp.BookTicketInGoibiboChooseAnyDateInCalenderTest">
        <test-method signature="bookTicketInGoibibo()[pri:0, instance:CalenderPopUp.BookTicketInGoibiboChooseAnyDateInCalenderTest@1a4013]" started-at="2022-03-21T11:39:38 IST" name="bookTicketInGoibibo" finished-at="2022-03-21T11:39:50 IST" duration-ms="11566" status="PASS">
          <reporter-output>
          </reporter-output>
        </test-method> <!-- bookTicketInGoibibo -->
      </class> <!-- CalenderPopUp.BookTicketInGoibiboChooseAnyDateInCalenderTest -->
    </test> <!-- Default test -->
  </suite> <!-- Default suite -->
</testng-results>
