<?xml version="1.0" encoding="UTF-8"?>
<testng-results ignored="0" total="1" passed="0" failed="1" skipped="0">
  <reporter-output>
    <line>
      <![CDATA[...DB connection successfull...]]>
    </line>
    <line>
      <![CDATA[...browser launch successfull...]]>
    </line>
    <line>
      <![CDATA[...login is successfull...]]>
    </line>
    <line>
      <![CDATA[clicked on ContactLnk]]>
    </line>
    <line>
      <![CDATA[ClickOnLastCheckBox---- TestScript Failed]]>
    </line>
    <line>
      <![CDATA[...logout is successfull...]]>
    </line>
    <line>
      <![CDATA[...browser closed succesfully...]]>
    </line>
    <line>
      <![CDATA[...database closed successfully...]]>
    </line>
  </reporter-output>
  <suite started-at="2022-03-17T11:06:23 IST" name="Default suite" finished-at="2022-03-17T11:06:37 IST" duration-ms="13937">
    <groups>
    </groups>
    <test started-at="2022-03-17T11:06:23 IST" name="Default test" finished-at="2022-03-17T11:06:37 IST" duration-ms="13937">
      <class name="TestNGUsingAnnotations.ClickOnLastCheckboxOfContact">
        <test-method is-config="true" signature="connectToDataBase()[pri:0, instance:TestNGUsingAnnotations.ClickOnLastCheckboxOfContact@3f6b0be5]" started-at="2022-03-17T11:06:23 IST" name="connectToDataBase" finished-at="2022-03-17T11:06:23 IST" duration-ms="10" status="PASS">
          <reporter-output>
            <line>
              <![CDATA[...DB connection successfull...]]>
            </line>
          </reporter-output>
        </test-method> <!-- connectToDataBase -->
        <test-method is-config="true" signature="launchtheBrowser()[pri:0, instance:TestNGUsingAnnotations.ClickOnLastCheckboxOfContact@3f6b0be5]" started-at="2022-03-17T11:06:24 IST" name="launchtheBrowser" finished-at="2022-03-17T11:06:27 IST" duration-ms="2890" status="PASS">
          <reporter-output>
            <line>
              <![CDATA[...browser launch successfull...]]>
            </line>
          </reporter-output>
        </test-method> <!-- launchtheBrowser -->
        <test-method is-config="true" signature="login()[pri:0, instance:TestNGUsingAnnotations.ClickOnLastCheckboxOfContact@3f6b0be5]" started-at="2022-03-17T11:06:27 IST" name="login" finished-at="2022-03-17T11:06:30 IST" duration-ms="3077" status="PASS">
          <reporter-output>
            <line>
              <![CDATA[...login is successfull...]]>
            </line>
          </reporter-output>
        </test-method> <!-- login -->
        <test-method signature="ClickOnLastCheckBox()[pri:0, instance:TestNGUsingAnnotations.ClickOnLastCheckboxOfContact@3f6b0be5]" started-at="2022-03-17T11:06:30 IST" name="ClickOnLastCheckBox" finished-at="2022-03-17T11:06:35 IST" duration-ms="5292" status="FAIL">
          <exception class="java.lang.AssertionError">
            <message>
              <![CDATA[null]]>
            </message>
            <full-stacktrace>
              <![CDATA[java.lang.AssertionError: null
at org.testng.Assert.fail(Assert.java:99)
at org.testng.Assert.fail(Assert.java:106)
at TestNGUsingAnnotations.ClickOnLastCheckboxOfContact.ClickOnLastCheckBox(ClickOnLastCheckboxOfContact.java:27)
at java.base/jdk.internal.reflect.NativeMethodAccessorImpl.invoke0(Native Method)
at java.base/jdk.internal.reflect.NativeMethodAccessorImpl.invoke(NativeMethodAccessorImpl.java:77)
at java.base/jdk.internal.reflect.DelegatingMethodAccessorImpl.invoke(DelegatingMethodAccessorImpl.java:43)
at java.base/java.lang.reflect.Method.invoke(Method.java:568)
at org.testng.internal.MethodInvocationHelper.invokeMethod(MethodInvocationHelper.java:133)
at org.testng.internal.TestInvoker.invokeMethod(TestInvoker.java:598)
at org.testng.internal.TestInvoker.invokeTestMethod(TestInvoker.java:173)
at org.testng.internal.MethodRunner.runInSequence(MethodRunner.java:46)
at org.testng.internal.TestInvoker$MethodInvocationAgent.invoke(TestInvoker.java:824)
at org.testng.internal.TestInvoker.invokeTestMethods(TestInvoker.java:146)
at org.testng.internal.TestMethodWorker.invokeTestMethods(TestMethodWorker.java:146)
at org.testng.internal.TestMethodWorker.run(TestMethodWorker.java:128)
at java.base/java.util.ArrayList.forEach(ArrayList.java:1511)
at org.testng.TestRunner.privateRun(TestRunner.java:794)
at org.testng.TestRunner.run(TestRunner.java:596)
at org.testng.SuiteRunner.runTest(SuiteRunner.java:377)
at org.testng.SuiteRunner.runSequentially(SuiteRunner.java:371)
at org.testng.SuiteRunner.privateRun(SuiteRunner.java:332)
at org.testng.SuiteRunner.run(SuiteRunner.java:276)
at org.testng.SuiteRunnerWorker.runSuite(SuiteRunnerWorker.java:53)
at org.testng.SuiteRunnerWorker.run(SuiteRunnerWorker.java:96)
at org.testng.TestNG.runSuitesSequentially(TestNG.java:1212)
at org.testng.TestNG.runSuitesLocally(TestNG.java:1134)
at org.testng.TestNG.runSuites(TestNG.java:1063)
at org.testng.TestNG.run(TestNG.java:1031)
at org.testng.remote.AbstractRemoteTestNG.run(AbstractRemoteTestNG.java:115)
at org.testng.remote.RemoteTestNG.initAndRun(RemoteTestNG.java:251)
at org.testng.remote.RemoteTestNG.main(RemoteTestNG.java:77)
]]>
            </full-stacktrace>
          </exception> <!-- java.lang.AssertionError -->
          <reporter-output>
            <line>
              <![CDATA[clicked on ContactLnk]]>
            </line>
            <line>
              <![CDATA[ClickOnLastCheckBox---- TestScript Failed]]>
            </line>
          </reporter-output>
        </test-method> <!-- ClickOnLastCheckBox -->
        <test-method is-config="true" signature="logout()[pri:0, instance:TestNGUsingAnnotations.ClickOnLastCheckboxOfContact@3f6b0be5]" started-at="2022-03-17T11:06:35 IST" name="logout" finished-at="2022-03-17T11:06:37 IST" duration-ms="1526" status="PASS">
          <reporter-output>
            <line>
              <![CDATA[...logout is successfull...]]>
            </line>
          </reporter-output>
        </test-method> <!-- logout -->
        <test-method is-config="true" signature="closebrowser()[pri:0, instance:TestNGUsingAnnotations.ClickOnLastCheckboxOfContact@3f6b0be5]" started-at="2022-03-17T11:06:37 IST" name="closebrowser" finished-at="2022-03-17T11:06:37 IST" duration-ms="353" status="PASS">
          <reporter-output>
            <line>
              <![CDATA[...browser closed succesfully...]]>
            </line>
          </reporter-output>
        </test-method> <!-- closebrowser -->
        <test-method is-config="true" signature="closedb()[pri:0, instance:TestNGUsingAnnotations.ClickOnLastCheckboxOfContact@3f6b0be5]" started-at="2022-03-17T11:06:38 IST" name="closedb" finished-at="2022-03-17T11:06:38 IST" duration-ms="1" status="PASS">
          <reporter-output>
            <line>
              <![CDATA[...database closed successfully...]]>
            </line>
          </reporter-output>
        </test-method> <!-- closedb -->
      </class> <!-- TestNGUsingAnnotations.ClickOnLastCheckboxOfContact -->
    </test> <!-- Default test -->
  </suite> <!-- Default suite -->
</testng-results>
